[2024-07-19 01:24:38.924 +00:00] [INF] [102] Jellyfin.Api.Helpers.MediaInfoHelper: User policy for "juan". EnablePlaybackRemuxing: True EnableVideoPlaybackTranscoding: True EnableAudioPlaybackTranscoding: True
[2024-07-19 01:24:39.101 +00:00] [INF] [35] Jellyfin.Api.Helpers.MediaInfoHelper: User policy for "juan". EnablePlaybackRemuxing: True EnableVideoPlaybackTranscoding: True EnableAudioPlaybackTranscoding: True
[2024-07-19 01:24:41.801 +00:00] [INF] [35] Emby.Server.Implementations.Session.SessionManager: Playback stopped reported by app "Android TV" "0.16.11" playing "Agua roja". Stopped at "0" ms
[2024-07-19 01:24:42.048 +00:00] [INF] [92] Jellyfin.Api.Helpers.MediaInfoHelper: User policy for "juan". EnablePlaybackRemuxing: True EnableVideoPlaybackTranscoding: True EnableAudioPlaybackTranscoding: True
[2024-07-19 01:24:42.170 +00:00] [INF] [102] Jellyfin.Api.Helpers.MediaInfoHelper: User policy for "juan". EnablePlaybackRemuxing: True EnableVideoPlaybackTranscoding: True EnableAudioPlaybackTranscoding: True
[2024-07-19 01:25:53.327 +00:00] [INF] [86] Emby.Server.Implementations.Session.SessionManager: Playback stopped reported by app "Android TV" "0.16.11" playing "Agua roja". Stopped at "1744300" ms
[2024-07-19 01:26:15.703 +00:00] [INF] [17] Jellyfin.Api.Helpers.MediaInfoHelper: User policy for "juan". EnablePlaybackRemuxing: True EnableVideoPlaybackTranscoding: True EnableAudioPlaybackTranscoding: True
[2024-07-19 01:26:15.824 +00:00] [INF] [55] Jellyfin.Api.Helpers.MediaInfoHelper: User policy for "juan". EnablePlaybackRemuxing: True EnableVideoPlaybackTranscoding: True EnableAudioPlaybackTranscoding: True
[2024-07-19 02:00:00.427 +00:00] [INF] [99] Emby.Server.Implementations.ScheduledTasks.TaskManager: "Extraer imágenes de los capítulos" Completed after 0 minute(s) and 0 seconds
[2024-07-19 02:00:01.376 +00:00] [INF] [99] Emby.Server.Implementations.ScheduledTasks.TaskManager: Daily trigger for "Extraer imágenes de los capítulos" set to fire at 2024-07-20 02:00:00.000 +00:00, which is 23:59:58.6236596 from now.
[2024-07-19 02:09:38.092 +00:00] [INF] [80] Emby.Server.Implementations.Session.SessionManager: Playback stopped reported by app "Android TV" "0.16.11" playing "Agua roja". Stopped at "2600229" ms
[2024-07-19 02:09:45.733 +00:00] [INF] [63] Jellyfin.Api.Helpers.MediaInfoHelper: User policy for "juan". EnablePlaybackRemuxing: True EnableVideoPlaybackTranscoding: True EnableAudioPlaybackTranscoding: True
[2024-07-19 02:09:45.818 +00:00] [INF] [69] Jellyfin.Api.Helpers.MediaInfoHelper: User policy for "juan". EnablePlaybackRemuxing: True EnableVideoPlaybackTranscoding: True EnableAudioPlaybackTranscoding: True
[2024-07-19 02:50:12.055 +00:00] [INF] [110] Emby.Server.Implementations.IO.LibraryMonitor: Stopping directory watching for path "/data/tvshows"
[2024-07-19 02:50:12.059 +00:00] [INF] [110] Emby.Server.Implementations.IO.LibraryMonitor: Stopping directory watching for path "/data/movies"
[2024-07-19 02:50:12.061 +00:00] [INF] [110] Emby.Server.Implementations.Library.LibraryManager: Validating media library
[2024-07-19 02:50:12.086 +00:00] [WRN] [110] MediaBrowser.Controller.Entities.BaseItem: Library folder "/config/data/data/playlists" is inaccessible or empty, skipping
[2024-07-19 02:50:12.118 +00:00] [WRN] [55] MediaBrowser.Controller.Entities.BaseItem: Library folder "/config/data/data/playlists" is inaccessible or empty, skipping
[2024-07-19 02:50:19.113 +00:00] [INF] [55] Emby.Server.Implementations.ScheduledTasks.TaskManager: "Escanear la biblioteca" Completed after 0 minute(s) and 7 seconds
[2024-07-19 02:50:19.148 +00:00] [INF] [22] Emby.Server.Implementations.IO.LibraryMonitor: Watching directory "/data/tvshows"
[2024-07-19 02:50:19.149 +00:00] [INF] [105] Emby.Server.Implementations.IO.LibraryMonitor: Watching directory "/data/movies"
[2024-07-19 03:00:00.318 +00:00] [INF] [59] Emby.Server.Implementations.ScheduledTasks.TaskManager: "Generar miniaturas de línea de tiempo" Completed after 0 minute(s) and 0 seconds
[2024-07-19 03:00:01.308 +00:00] [INF] [69] Emby.Server.Implementations.ScheduledTasks.TaskManager: Daily trigger for "Generar miniaturas de línea de tiempo" set to fire at 2024-07-20 03:00:00.000 +00:00, which is 23:59:58.6917563 from now.
[2024-07-19 03:04:48.315 +00:00] [INF] [79] Emby.Server.Implementations.ScheduledTasks.TaskManager: "Limpiar registros" Completed after 0 minute(s) and 0 seconds
[2024-07-19 03:04:48.361 +00:00] [INF] [79] Emby.Server.Implementations.ScheduledTasks.TaskManager: "TasksRefreshChannels" Completed after 0 minute(s) and 0 seconds
[2024-07-19 03:04:48.361 +00:00] [INF] [86] Emby.Server.Implementations.ScheduledTasks.TaskManager: "Normalización de audio" Completed after 0 minute(s) and 0 seconds
[2024-07-19 03:04:48.417 +00:00] [INF] [17] Emby.Server.Implementations.ScheduledTasks.TaskManager: "Descargar los subtítulos que faltan" Completed after 0 minute(s) and 0 seconds
[2024-07-19 03:04:48.705 +00:00] [INF] [79] Emby.Server.Implementations.ScheduledTasks.TaskManager: "Limpiar las transcodificaciones" Completed after 0 minute(s) and 0 seconds
[2024-07-19 03:04:48.799 +00:00] [INF] [79] Emby.Server.Implementations.ScheduledTasks.Tasks.OptimizeDatabaseTask: Optimizing and vacuuming jellyfin.db...
[2024-07-19 03:04:49.167 +00:00] [INF] [79] Emby.Server.Implementations.ScheduledTasks.Tasks.OptimizeDatabaseTask: jellyfin.db optimized successfully!
[2024-07-19 03:04:49.167 +00:00] [INF] [79] Emby.Server.Implementations.ScheduledTasks.TaskManager: "Optimizar la base de datos" Completed after 0 minute(s) and 0 seconds
[2024-07-19 03:04:49.685 +00:00] [INF] [17] Emby.Server.Implementations.ScheduledTasks.TaskManager: "Eliminar archivos temporales" Completed after 0 minute(s) and 0 seconds
[2024-07-19 03:35:05.657 +00:00] [INF] [110] Jellyfin.LiveTv.Guide.GuideManager: Refreshing guide with 7 days of guide data
[2024-07-19 03:35:05.661 +00:00] [INF] [110] Emby.Server.Implementations.ScheduledTasks.TaskManager: "Refresh Guide" Completed after 0 minute(s) and 3 seconds
[2024-07-19 04:03:03.189 +00:00] [INF] [74] Emby.Server.Implementations.HttpServer.WebSocketManager: WS "192.168.65.1" request
[2024-07-19 04:03:20.218 +00:00] [INF] [102] Emby.Server.Implementations.HttpServer.WebSocketManager: WS "192.168.65.1" request
[2024-07-19 04:05:00.061 +00:00] [INF] [59] Emby.Server.Implementations.Session.SessionWebSocketListener: Sending ForceKeepAlive message to 1 inactive WebSockets.
[2024-07-19 04:05:12.061 +00:00] [INF] [103] Emby.Server.Implementations.Session.SessionWebSocketListener: Lost 1 WebSockets.
[2024-07-19 04:05:48.062 +00:00] [INF] [74] Emby.Server.Implementations.Session.SessionWebSocketListener: Sending ForceKeepAlive message to 1 inactive WebSockets.
[2024-07-19 04:05:53.921 +00:00] [WRN] [74] Emby.Server.Implementations.HttpServer.WebSocketConnection: WS "192.168.65.1" error receiving data: "The remote party closed the WebSocket connection without completing the close handshake."
[2024-07-19 04:05:53.931 +00:00] [INF] [74] Emby.Server.Implementations.HttpServer.WebSocketManager: WS "192.168.65.1" closed
[2024-07-19 04:06:00.061 +00:00] [INF] [22] Emby.Server.Implementations.Session.SessionWebSocketListener: Lost 1 WebSockets.
[2024-07-19 04:07:21.558 +00:00] [WRN] [105] Emby.Server.Implementations.HttpServer.WebSocketConnection: WS "192.168.65.1" error receiving data: "The remote party closed the WebSocket connection without completing the close handshake."
[2024-07-19 04:07:21.571 +00:00] [INF] [105] Emby.Server.Implementations.HttpServer.WebSocketManager: WS "192.168.65.1" closed
[2024-07-19 04:21:29.641 +00:00] [INF] [38] Emby.Server.Implementations.Session.SessionManager: Playback stopped reported by app "Android TV" "0.16.11" playing "Dinero de sangre". Stopped at "2611275" ms
[2024-07-19 04:21:37.387 +00:00] [INF] [27] Jellyfin.Api.Helpers.MediaInfoHelper: User policy for "juan". EnablePlaybackRemuxing: True EnableVideoPlaybackTranscoding: True EnableAudioPlaybackTranscoding: True
[2024-07-19 04:21:37.497 +00:00] [INF] [105] Jellyfin.Api.Helpers.MediaInfoHelper: User policy for "juan". EnablePlaybackRemuxing: True EnableVideoPlaybackTranscoding: True EnableAudioPlaybackTranscoding: True
[2024-07-19 05:04:19.778 +00:00] [INF] [96] Emby.Server.Implementations.Session.SessionManager: Playback stopped reported by app "Android TV" "0.16.11" playing "Rojo por los cuatro costados". Stopped at "2559787" ms
[2024-07-19 05:04:41.774 +00:00] [INF] [22] Jellyfin.Api.Helpers.MediaInfoHelper: User policy for "juan". EnablePlaybackRemuxing: True EnableVideoPlaybackTranscoding: True EnableAudioPlaybackTranscoding: True
[2024-07-19 05:04:42.118 +00:00] [INF] [81] Jellyfin.Api.Helpers.MediaInfoHelper: User policy for "juan". EnablePlaybackRemuxing: True EnableVideoPlaybackTranscoding: True EnableAudioPlaybackTranscoding: True
[2024-07-19 05:48:15.515 +00:00] [INF] [73] Emby.Server.Implementations.Session.SessionManager: Playback stopped reported by app "Android TV" "0.16.11" playing "Dinero de sangre". Stopped at "2611466" ms
[2024-07-19 05:48:23.230 +00:00] [INF] [73] Jellyfin.Api.Helpers.MediaInfoHelper: User policy for "juan". EnablePlaybackRemuxing: True EnableVideoPlaybackTranscoding: True EnableAudioPlaybackTranscoding: True
[2024-07-19 05:48:23.302 +00:00] [INF] [81] Jellyfin.Api.Helpers.MediaInfoHelper: User policy for "juan". EnablePlaybackRemuxing: True EnableVideoPlaybackTranscoding: True EnableAudioPlaybackTranscoding: True
[2024-07-19 06:13:50.943 +00:00] [INF] [104] Emby.Server.Implementations.HttpServer.WebSocketManager: WS "192.168.65.1" request
[2024-07-19 06:13:54.776 +00:00] [INF] [92] Emby.Server.Implementations.HttpServer.WebSocketManager: WS "192.168.65.1" closed
[2024-07-19 06:31:36.924 +00:00] [INF] [74] Emby.Server.Implementations.Session.SessionManager: Playback stopped reported by app "Android TV" "0.16.11" playing "Rojo por los cuatro costados". Stopped at "2590854" ms
[2024-07-19 06:31:44.497 +00:00] [INF] [80] Jellyfin.Api.Helpers.MediaInfoHelper: User policy for "juan". EnablePlaybackRemuxing: True EnableVideoPlaybackTranscoding: True EnableAudioPlaybackTranscoding: True
[2024-07-19 06:31:44.594 +00:00] [INF] [74] Jellyfin.Api.Helpers.MediaInfoHelper: User policy for "juan". EnablePlaybackRemuxing: True EnableVideoPlaybackTranscoding: True EnableAudioPlaybackTranscoding: True
[2024-07-19 07:14:54.504 +00:00] [INF] [80] Emby.Server.Implementations.Session.SessionManager: Playback stopped reported by app "Android TV" "0.16.11" playing "21-18-11-18". Stopped at "2587635" ms
[2024-07-19 07:15:02.242 +00:00] [INF] [103] Jellyfin.Api.Helpers.MediaInfoHelper: User policy for "juan". EnablePlaybackRemuxing: True EnableVideoPlaybackTranscoding: True EnableAudioPlaybackTranscoding: True
[2024-07-19 07:15:02.304 +00:00] [INF] [55] Jellyfin.Api.Helpers.MediaInfoHelper: User policy for "juan". EnablePlaybackRemuxing: True EnableVideoPlaybackTranscoding: True EnableAudioPlaybackTranscoding: True
[2024-07-19 07:57:53.718 +00:00] [INF] [37] Emby.Server.Implementations.Session.SessionManager: Playback stopped reported by app "Android TV" "0.16.11" playing "Carta roja". Stopped at "2567189" ms
[2024-07-19 07:58:01.176 +00:00] [INF] [88] Jellyfin.Api.Helpers.MediaInfoHelper: User policy for "juan". EnablePlaybackRemuxing: True EnableVideoPlaybackTranscoding: True EnableAudioPlaybackTranscoding: True
[2024-07-19 07:58:01.489 +00:00] [INF] [37] Jellyfin.Api.Helpers.MediaInfoHelper: User policy for "juan". EnablePlaybackRemuxing: True EnableVideoPlaybackTranscoding: True EnableAudioPlaybackTranscoding: True
[2024-07-19 08:41:32.758 +00:00] [INF] [86] Emby.Server.Implementations.Session.SessionManager: Playback stopped reported by app "Android TV" "0.16.11" playing "Cielo rojo al amanecer". Stopped at "2606019" ms
[2024-07-19 14:49:11.062 +00:00] [ERR] [17] Emby.Server.Implementations.Updates.InstallationManager: An error occurred while accessing the plugin manifest: "https://repo.codyrobibero.dev/manifest.json"
System.Net.Http.HttpRequestException: Name or service not known (repo.codyrobibero.dev:443)
 ---> System.Net.Sockets.SocketException (0xFFFDFFFF): Name or service not known
   at System.Net.Sockets.Socket.AwaitableSocketAsyncEventArgs.ThrowException(SocketError error, CancellationToken cancellationToken)
   at System.Net.Sockets.Socket.AwaitableSocketAsyncEventArgs.System.Threading.Tasks.Sources.IValueTaskSource.GetResult(Int16 token)
   at System.Net.Sockets.Socket.<ConnectAsync>g__WaitForConnectWithCancellation|285_0(AwaitableSocketAsyncEventArgs saea, ValueTask connectTask, CancellationToken cancellationToken)
   at Jellyfin.Networking.HappyEyeballs.HttpClientExtension.AttemptConnection(AddressFamily addressFamily, SocketsHttpConnectionContext context, CancellationToken cancellationToken)
   at Jellyfin.Networking.HappyEyeballs.HttpClientExtension.OnConnect(SocketsHttpConnectionContext context, CancellationToken cancellationToken)
   at System.Net.Http.HttpConnectionPool.ConnectToTcpHostAsync(String host, Int32 port, HttpRequestMessage initialRequest, Boolean async, CancellationToken cancellationToken)
   --- End of inner exception stack trace ---
   at System.Net.Http.HttpConnectionPool.ConnectToTcpHostAsync(String host, Int32 port, HttpRequestMessage initialRequest, Boolean async, CancellationToken cancellationToken)
   at System.Net.Http.HttpConnectionPool.ConnectAsync(HttpRequestMessage request, Boolean async, CancellationToken cancellationToken)
   at System.Net.Http.HttpConnectionPool.CreateHttp11ConnectionAsync(HttpRequestMessage request, Boolean async, CancellationToken cancellationToken)
   at System.Net.Http.HttpConnectionPool.AddHttp11ConnectionAsync(QueueItem queueItem)
   at System.Threading.Tasks.TaskCompletionSourceWithCancellation`1.WaitWithCancellationAsync(CancellationToken cancellationToken)
   at System.Net.Http.HttpConnectionPool.SendWithVersionDetectionAndRetryAsync(HttpRequestMessage request, Boolean async, Boolean doRequestAuth, CancellationToken cancellationToken)
   at System.Net.Http.RedirectHandler.SendAsync(HttpRequestMessage request, Boolean async, CancellationToken cancellationToken)
   at System.Net.Http.DecompressionHandler.SendAsync(HttpRequestMessage request, Boolean async, CancellationToken cancellationToken)
   at Microsoft.Extensions.Http.Logging.LoggingHttpMessageHandler.<SendCoreAsync>g__Core|5_0(HttpRequestMessage request, Boolean useAsync, CancellationToken cancellationToken)
   at Microsoft.Extensions.Http.Logging.LoggingScopeHttpMessageHandler.<SendCoreAsync>g__Core|5_0(HttpRequestMessage request, Boolean useAsync, CancellationToken cancellationToken)
   at System.Net.Http.HttpClient.<SendAsync>g__Core|83_0(HttpRequestMessage request, HttpCompletionOption completionOption, CancellationTokenSource cts, Boolean disposeCts, CancellationTokenSource pendingRequestsCts, CancellationToken originalCancellationToken)
   at System.Net.Http.Json.HttpClientJsonExtensions.<FromJsonAsyncCore>g__Core|12_0[TValue,TJsonOptions](HttpClient client, Task`1 responseTask, Boolean usingResponseHeadersRead, CancellationTokenSource linkedCTS, Func`4 deserializeMethod, TJsonOptions jsonOptions, CancellationToken cancellationToken)
   at Emby.Server.Implementations.Updates.InstallationManager.GetPackages(String manifestName, String manifest, Boolean filterIncompatible, CancellationToken cancellationToken)
[2024-07-19 14:49:11.084 +00:00] [INF] [17] Emby.Server.Implementations.ScheduledTasks.TaskManager: "Actualizar extensiones" Completed after 0 minute(s) and 3 seconds
[2024-07-19 14:50:12.296 +00:00] [INF] [69] Emby.Server.Implementations.IO.LibraryMonitor: Stopping directory watching for path "/data/tvshows"
[2024-07-19 14:50:12.303 +00:00] [INF] [69] Emby.Server.Implementations.IO.LibraryMonitor: Stopping directory watching for path "/data/movies"
[2024-07-19 14:50:12.318 +00:00] [INF] [69] Emby.Server.Implementations.Library.LibraryManager: Validating media library
[2024-07-19 14:50:12.368 +00:00] [WRN] [69] MediaBrowser.Controller.Entities.BaseItem: Library folder "/config/data/data/playlists" is inaccessible or empty, skipping
[2024-07-19 14:50:12.710 +00:00] [WRN] [17] MediaBrowser.Controller.Entities.BaseItem: Library folder "/config/data/data/playlists" is inaccessible or empty, skipping
[2024-07-19 14:50:19.080 +00:00] [INF] [46] Emby.Server.Implementations.ScheduledTasks.TaskManager: "Escanear la biblioteca" Completed after 0 minute(s) and 6 seconds
[2024-07-19 14:50:19.131 +00:00] [INF] [49] Emby.Server.Implementations.IO.LibraryMonitor: Watching directory "/data/tvshows"
[2024-07-19 14:50:19.133 +00:00] [INF] [69] Emby.Server.Implementations.IO.LibraryMonitor: Watching directory "/data/movies"
[2024-07-19 21:50:03.267 +00:00] [INF] [89] Jellyfin.Api.Helpers.MediaInfoHelper: User policy for "juan". EnablePlaybackRemuxing: True EnableVideoPlaybackTranscoding: True EnableAudioPlaybackTranscoding: True
[2024-07-19 21:50:03.385 +00:00] [INF] [36] Jellyfin.Api.Helpers.MediaInfoHelper: User policy for "juan". EnablePlaybackRemuxing: True EnableVideoPlaybackTranscoding: True EnableAudioPlaybackTranscoding: True
