[2024-07-25 00:02:04.684 +00:00] [INF] [20] Emby.Server.Implementations.Session.SessionWebSocketListener: Sending ForceKeepAlive message to 1 inactive WebSockets.
[2024-07-25 00:05:28.685 +00:00] [INF] [22] Emby.Server.Implementations.Session.SessionWebSocketListener: Sending ForceKeepAlive message to 1 inactive WebSockets.
[2024-07-25 00:08:16.683 +00:00] [INF] [29] Emby.Server.Implementations.Session.SessionWebSocketListener: Sending ForceKeepAlive message to 1 inactive WebSockets.
[2024-07-25 00:11:04.684 +00:00] [INF] [8] Emby.Server.Implementations.Session.SessionWebSocketListener: Sending ForceKeepAlive message to 1 inactive WebSockets.
[2024-07-25 00:14:28.682 +00:00] [INF] [36] Emby.Server.Implementations.Session.SessionWebSocketListener: Sending ForceKeepAlive message to 1 inactive WebSockets.
[2024-07-25 00:17:16.683 +00:00] [INF] [66] Emby.Server.Implementations.Session.SessionWebSocketListener: Sending ForceKeepAlive message to 1 inactive WebSockets.
[2024-07-25 00:19:22.259 +00:00] [ERR] [89] Emby.Server.Implementations.Updates.InstallationManager: An error occurred while accessing the plugin manifest: "https://repo.codyrobibero.dev/manifest.json"
System.Net.Http.HttpRequestException: Name or service not known (repo.codyrobibero.dev:443)
 ---> System.Net.Sockets.SocketException (0xFFFDFFFF): Name or service not known
   at System.Net.Sockets.Socket.AwaitableSocketAsyncEventArgs.ThrowException(SocketError error, CancellationToken cancellationToken)
   at System.Net.Sockets.Socket.AwaitableSocketAsyncEventArgs.System.Threading.Tasks.Sources.IValueTaskSource.GetResult(Int16 token)
   at System.Net.Sockets.Socket.<ConnectAsync>g__WaitForConnectWithCancellation|285_0(AwaitableSocketAsyncEventArgs saea, ValueTask connectTask, CancellationToken cancellationToken)
   at Jellyfin.Networking.HappyEyeballs.HttpClientExtension.AttemptConnection(AddressFamily addressFamily, SocketsHttpConnectionContext context, CancellationToken cancellationToken)
   at Jellyfin.Networking.HappyEyeballs.HttpClientExtension.OnConnect(SocketsHttpConnectionContext context, CancellationToken cancellationToken)
   at System.Net.Http.HttpConnectionPool.ConnectToTcpHostAsync(String host, Int32 port, HttpRequestMessage initialRequest, Boolean async, CancellationToken cancellationToken)
   --- End of inner exception stack trace ---
   at System.Net.Http.HttpConnectionPool.ConnectToTcpHostAsync(String host, Int32 port, HttpRequestMessage initialRequest, Boolean async, CancellationToken cancellationToken)
   at System.Net.Http.HttpConnectionPool.ConnectAsync(HttpRequestMessage request, Boolean async, CancellationToken cancellationToken)
   at System.Net.Http.HttpConnectionPool.CreateHttp11ConnectionAsync(HttpRequestMessage request, Boolean async, CancellationToken cancellationToken)
   at System.Net.Http.HttpConnectionPool.AddHttp11ConnectionAsync(QueueItem queueItem)
   at System.Threading.Tasks.TaskCompletionSourceWithCancellation`1.WaitWithCancellationAsync(CancellationToken cancellationToken)
   at System.Net.Http.HttpConnectionPool.SendWithVersionDetectionAndRetryAsync(HttpRequestMessage request, Boolean async, Boolean doRequestAuth, CancellationToken cancellationToken)
   at System.Net.Http.RedirectHandler.SendAsync(HttpRequestMessage request, Boolean async, CancellationToken cancellationToken)
   at System.Net.Http.DecompressionHandler.SendAsync(HttpRequestMessage request, Boolean async, CancellationToken cancellationToken)
   at Microsoft.Extensions.Http.Logging.LoggingHttpMessageHandler.<SendCoreAsync>g__Core|5_0(HttpRequestMessage request, Boolean useAsync, CancellationToken cancellationToken)
   at Microsoft.Extensions.Http.Logging.LoggingScopeHttpMessageHandler.<SendCoreAsync>g__Core|5_0(HttpRequestMessage request, Boolean useAsync, CancellationToken cancellationToken)
   at System.Net.Http.HttpClient.<SendAsync>g__Core|83_0(HttpRequestMessage request, HttpCompletionOption completionOption, CancellationTokenSource cts, Boolean disposeCts, CancellationTokenSource pendingRequestsCts, CancellationToken originalCancellationToken)
   at System.Net.Http.Json.HttpClientJsonExtensions.<FromJsonAsyncCore>g__Core|12_0[TValue,TJsonOptions](HttpClient client, Task`1 responseTask, Boolean usingResponseHeadersRead, CancellationTokenSource linkedCTS, Func`4 deserializeMethod, TJsonOptions jsonOptions, CancellationToken cancellationToken)
   at Emby.Server.Implementations.Updates.InstallationManager.GetPackages(String manifestName, String manifest, Boolean filterIncompatible, CancellationToken cancellationToken)
[2024-07-25 00:19:22.261 +00:00] [INF] [89] Emby.Server.Implementations.ScheduledTasks.TaskManager: "Actualizar extensiones" Completed after 0 minute(s) and 1 seconds
[2024-07-25 00:20:04.683 +00:00] [INF] [66] Emby.Server.Implementations.Session.SessionWebSocketListener: Sending ForceKeepAlive message to 1 inactive WebSockets.
[2024-07-25 00:23:28.708 +00:00] [INF] [99] Emby.Server.Implementations.Session.SessionWebSocketListener: Sending ForceKeepAlive message to 1 inactive WebSockets.
[2024-07-25 00:26:16.706 +00:00] [INF] [97] Emby.Server.Implementations.Session.SessionWebSocketListener: Sending ForceKeepAlive message to 1 inactive WebSockets.
[2024-07-25 00:29:04.709 +00:00] [INF] [8] Emby.Server.Implementations.Session.SessionWebSocketListener: Sending ForceKeepAlive message to 1 inactive WebSockets.
[2024-07-25 00:32:28.709 +00:00] [INF] [67] Emby.Server.Implementations.Session.SessionWebSocketListener: Sending ForceKeepAlive message to 1 inactive WebSockets.
[2024-07-25 00:35:16.710 +00:00] [INF] [8] Emby.Server.Implementations.Session.SessionWebSocketListener: Sending ForceKeepAlive message to 1 inactive WebSockets.
[2024-07-25 00:38:04.712 +00:00] [INF] [67] Emby.Server.Implementations.Session.SessionWebSocketListener: Sending ForceKeepAlive message to 1 inactive WebSockets.
[2024-07-25 00:41:28.705 +00:00] [INF] [67] Emby.Server.Implementations.Session.SessionWebSocketListener: Sending ForceKeepAlive message to 1 inactive WebSockets.
[2024-07-25 00:44:16.707 +00:00] [INF] [39] Emby.Server.Implementations.Session.SessionWebSocketListener: Sending ForceKeepAlive message to 1 inactive WebSockets.
[2024-07-25 00:47:04.707 +00:00] [INF] [49] Emby.Server.Implementations.Session.SessionWebSocketListener: Sending ForceKeepAlive message to 1 inactive WebSockets.
[2024-07-25 00:50:28.706 +00:00] [INF] [10] Emby.Server.Implementations.Session.SessionWebSocketListener: Sending ForceKeepAlive message to 1 inactive WebSockets.
[2024-07-25 00:53:16.709 +00:00] [INF] [24] Emby.Server.Implementations.Session.SessionWebSocketListener: Sending ForceKeepAlive message to 1 inactive WebSockets.
[2024-07-25 00:56:04.709 +00:00] [INF] [78] Emby.Server.Implementations.Session.SessionWebSocketListener: Sending ForceKeepAlive message to 1 inactive WebSockets.
[2024-07-25 00:59:28.709 +00:00] [INF] [78] Emby.Server.Implementations.Session.SessionWebSocketListener: Sending ForceKeepAlive message to 1 inactive WebSockets.
[2024-07-25 01:02:16.708 +00:00] [INF] [11] Emby.Server.Implementations.Session.SessionWebSocketListener: Sending ForceKeepAlive message to 1 inactive WebSockets.
[2024-07-25 01:05:04.710 +00:00] [INF] [43] Emby.Server.Implementations.Session.SessionWebSocketListener: Sending ForceKeepAlive message to 1 inactive WebSockets.
[2024-07-25 01:08:28.707 +00:00] [INF] [24] Emby.Server.Implementations.Session.SessionWebSocketListener: Sending ForceKeepAlive message to 1 inactive WebSockets.
[2024-07-25 01:11:16.710 +00:00] [INF] [42] Emby.Server.Implementations.Session.SessionWebSocketListener: Sending ForceKeepAlive message to 1 inactive WebSockets.
[2024-07-25 01:14:04.708 +00:00] [INF] [42] Emby.Server.Implementations.Session.SessionWebSocketListener: Sending ForceKeepAlive message to 1 inactive WebSockets.
[2024-07-25 01:17:28.708 +00:00] [INF] [42] Emby.Server.Implementations.Session.SessionWebSocketListener: Sending ForceKeepAlive message to 1 inactive WebSockets.
[2024-07-25 01:20:16.730 +00:00] [INF] [99] Emby.Server.Implementations.Session.SessionWebSocketListener: Sending ForceKeepAlive message to 1 inactive WebSockets.
[2024-07-25 01:23:04.730 +00:00] [INF] [22] Emby.Server.Implementations.Session.SessionWebSocketListener: Sending ForceKeepAlive message to 1 inactive WebSockets.
[2024-07-25 01:26:28.731 +00:00] [INF] [42] Emby.Server.Implementations.Session.SessionWebSocketListener: Sending ForceKeepAlive message to 1 inactive WebSockets.
[2024-07-25 01:29:16.732 +00:00] [INF] [35] Emby.Server.Implementations.Session.SessionWebSocketListener: Sending ForceKeepAlive message to 1 inactive WebSockets.
[2024-07-25 01:32:04.734 +00:00] [INF] [35] Emby.Server.Implementations.Session.SessionWebSocketListener: Sending ForceKeepAlive message to 1 inactive WebSockets.
[2024-07-25 01:35:28.736 +00:00] [INF] [36] Emby.Server.Implementations.Session.SessionWebSocketListener: Sending ForceKeepAlive message to 1 inactive WebSockets.
[2024-07-25 01:38:16.737 +00:00] [INF] [36] Emby.Server.Implementations.Session.SessionWebSocketListener: Sending ForceKeepAlive message to 1 inactive WebSockets.
[2024-07-25 01:41:04.737 +00:00] [INF] [93] Emby.Server.Implementations.Session.SessionWebSocketListener: Sending ForceKeepAlive message to 1 inactive WebSockets.
[2024-07-25 01:44:28.738 +00:00] [INF] [15] Emby.Server.Implementations.Session.SessionWebSocketListener: Sending ForceKeepAlive message to 1 inactive WebSockets.
[2024-07-25 01:47:16.740 +00:00] [INF] [8] Emby.Server.Implementations.Session.SessionWebSocketListener: Sending ForceKeepAlive message to 1 inactive WebSockets.
[2024-07-25 01:50:04.741 +00:00] [INF] [85] Emby.Server.Implementations.Session.SessionWebSocketListener: Sending ForceKeepAlive message to 1 inactive WebSockets.
[2024-07-25 01:53:28.731 +00:00] [INF] [15] Emby.Server.Implementations.Session.SessionWebSocketListener: Sending ForceKeepAlive message to 1 inactive WebSockets.
[2024-07-25 01:56:16.732 +00:00] [INF] [42] Emby.Server.Implementations.Session.SessionWebSocketListener: Sending ForceKeepAlive message to 1 inactive WebSockets.
[2024-07-25 01:59:04.731 +00:00] [INF] [25] Emby.Server.Implementations.Session.SessionWebSocketListener: Sending ForceKeepAlive message to 1 inactive WebSockets.
[2024-07-25 02:00:00.434 +00:00] [INF] [11] Emby.Server.Implementations.ScheduledTasks.TaskManager: "Extraer imágenes de los capítulos" Completed after 0 minute(s) and 0 seconds
[2024-07-25 02:00:01.390 +00:00] [INF] [77] Emby.Server.Implementations.ScheduledTasks.TaskManager: Daily trigger for "Extraer imágenes de los capítulos" set to fire at 2024-07-26 02:00:00.000 +00:00, which is 23:59:58.6097279 from now.
[2024-07-25 02:02:28.731 +00:00] [INF] [42] Emby.Server.Implementations.Session.SessionWebSocketListener: Sending ForceKeepAlive message to 1 inactive WebSockets.
[2024-07-25 02:05:16.732 +00:00] [INF] [99] Emby.Server.Implementations.Session.SessionWebSocketListener: Sending ForceKeepAlive message to 1 inactive WebSockets.
[2024-07-25 02:08:04.751 +00:00] [INF] [37] Emby.Server.Implementations.Session.SessionWebSocketListener: Sending ForceKeepAlive message to 1 inactive WebSockets.
[2024-07-25 02:11:28.753 +00:00] [INF] [15] Emby.Server.Implementations.Session.SessionWebSocketListener: Sending ForceKeepAlive message to 1 inactive WebSockets.
[2024-07-25 02:14:16.754 +00:00] [INF] [15] Emby.Server.Implementations.Session.SessionWebSocketListener: Sending ForceKeepAlive message to 1 inactive WebSockets.
[2024-07-25 02:17:04.756 +00:00] [INF] [99] Emby.Server.Implementations.Session.SessionWebSocketListener: Sending ForceKeepAlive message to 1 inactive WebSockets.
[2024-07-25 02:20:28.755 +00:00] [INF] [99] Emby.Server.Implementations.Session.SessionWebSocketListener: Sending ForceKeepAlive message to 1 inactive WebSockets.
[2024-07-25 02:23:16.759 +00:00] [INF] [98] Emby.Server.Implementations.Session.SessionWebSocketListener: Sending ForceKeepAlive message to 1 inactive WebSockets.
[2024-07-25 02:26:04.765 +00:00] [INF] [98] Emby.Server.Implementations.Session.SessionWebSocketListener: Sending ForceKeepAlive message to 1 inactive WebSockets.
[2024-07-25 02:29:28.766 +00:00] [INF] [15] Emby.Server.Implementations.Session.SessionWebSocketListener: Sending ForceKeepAlive message to 1 inactive WebSockets.
[2024-07-25 02:32:16.768 +00:00] [INF] [93] Emby.Server.Implementations.Session.SessionWebSocketListener: Sending ForceKeepAlive message to 1 inactive WebSockets.
[2024-07-25 02:35:04.770 +00:00] [INF] [93] Emby.Server.Implementations.Session.SessionWebSocketListener: Sending ForceKeepAlive message to 1 inactive WebSockets.
[2024-07-25 02:38:28.770 +00:00] [INF] [42] Emby.Server.Implementations.Session.SessionWebSocketListener: Sending ForceKeepAlive message to 1 inactive WebSockets.
[2024-07-25 02:41:16.772 +00:00] [INF] [78] Emby.Server.Implementations.Session.SessionWebSocketListener: Sending ForceKeepAlive message to 1 inactive WebSockets.
[2024-07-25 02:42:40.765 +00:00] [INF] [78] Emby.Server.Implementations.Session.SessionWebSocketListener: Sending ForceKeepAlive message to 1 inactive WebSockets.
[2024-07-25 02:44:04.756 +00:00] [INF] [98] Emby.Server.Implementations.Session.SessionWebSocketListener: Sending ForceKeepAlive message to 1 inactive WebSockets.
[2024-07-25 02:45:28.756 +00:00] [INF] [78] Emby.Server.Implementations.Session.SessionWebSocketListener: Sending ForceKeepAlive message to 1 inactive WebSockets.
[2024-07-25 02:47:28.756 +00:00] [INF] [29] Emby.Server.Implementations.Session.SessionWebSocketListener: Sending ForceKeepAlive message to 1 inactive WebSockets.
[2024-07-25 02:48:16.755 +00:00] [INF] [49] Emby.Server.Implementations.Session.SessionWebSocketListener: Sending ForceKeepAlive message to 1 inactive WebSockets.
[2024-07-25 02:50:16.756 +00:00] [INF] [29] Emby.Server.Implementations.Session.SessionWebSocketListener: Sending ForceKeepAlive message to 1 inactive WebSockets.
[2024-07-25 02:51:40.757 +00:00] [INF] [29] Emby.Server.Implementations.Session.SessionWebSocketListener: Sending ForceKeepAlive message to 1 inactive WebSockets.
[2024-07-25 02:52:39.465 +00:00] [INF] [49] Emby.Server.Implementations.IO.LibraryMonitor: Stopping directory watching for path "/data/tvshows"
[2024-07-25 02:52:39.465 +00:00] [INF] [49] Emby.Server.Implementations.IO.LibraryMonitor: Stopping directory watching for path "/data/movies"
[2024-07-25 02:52:39.466 +00:00] [INF] [49] Emby.Server.Implementations.Library.LibraryManager: Validating media library
[2024-07-25 02:52:39.506 +00:00] [WRN] [49] MediaBrowser.Controller.Entities.BaseItem: Library folder "/config/data/data/playlists" is inaccessible or empty, skipping
[2024-07-25 02:52:39.573 +00:00] [WRN] [49] MediaBrowser.Controller.Entities.BaseItem: Library folder "/config/data/data/playlists" is inaccessible or empty, skipping
[2024-07-25 02:52:48.397 +00:00] [INF] [15] Emby.Server.Implementations.ScheduledTasks.TaskManager: "Escanear la biblioteca" Completed after 0 minute(s) and 8 seconds
[2024-07-25 02:52:48.489 +00:00] [INF] [67] Emby.Server.Implementations.IO.LibraryMonitor: Watching directory "/data/movies"
[2024-07-25 02:52:48.490 +00:00] [INF] [92] Emby.Server.Implementations.IO.LibraryMonitor: Watching directory "/data/tvshows"
[2024-07-25 02:53:04.757 +00:00] [INF] [67] Emby.Server.Implementations.Session.SessionWebSocketListener: Sending ForceKeepAlive message to 1 inactive WebSockets.
[2024-07-25 02:54:28.758 +00:00] [INF] [92] Emby.Server.Implementations.Session.SessionWebSocketListener: Sending ForceKeepAlive message to 1 inactive WebSockets.
[2024-07-25 02:56:28.758 +00:00] [INF] [99] Emby.Server.Implementations.Session.SessionWebSocketListener: Sending ForceKeepAlive message to 1 inactive WebSockets.
[2024-07-25 02:58:16.759 +00:00] [INF] [10] Emby.Server.Implementations.Session.SessionWebSocketListener: Sending ForceKeepAlive message to 1 inactive WebSockets.
[2024-07-25 02:59:16.759 +00:00] [INF] [93] Emby.Server.Implementations.Session.SessionWebSocketListener: Sending ForceKeepAlive message to 1 inactive WebSockets.
[2024-07-25 03:00:00.443 +00:00] [INF] [56] Emby.Server.Implementations.ScheduledTasks.TaskManager: "Generar miniaturas de línea de tiempo" Completed after 0 minute(s) and 0 seconds
[2024-07-25 03:00:01.433 +00:00] [INF] [95] Emby.Server.Implementations.ScheduledTasks.TaskManager: Daily trigger for "Generar miniaturas de línea de tiempo" set to fire at 2024-07-26 03:00:00.000 +00:00, which is 23:59:58.5669751 from now.
[2024-07-25 03:01:40.759 +00:00] [INF] [99] Emby.Server.Implementations.Session.SessionWebSocketListener: Sending ForceKeepAlive message to 1 inactive WebSockets.
[2024-07-25 03:02:04.823 +00:00] [INF] [99] Emby.Server.Implementations.Session.SessionWebSocketListener: Sending ForceKeepAlive message to 1 inactive WebSockets.
[2024-07-25 03:04:28.760 +00:00] [INF] [43] Emby.Server.Implementations.Session.SessionWebSocketListener: Sending ForceKeepAlive message to 1 inactive WebSockets.
[2024-07-25 03:04:51.105 +00:00] [INF] [49] Emby.Server.Implementations.ScheduledTasks.TaskManager: "Limpiar registros" Completed after 0 minute(s) and 0 seconds
[2024-07-25 03:04:51.127 +00:00] [INF] [43] Emby.Server.Implementations.ScheduledTasks.TaskManager: "Normalización de audio" Completed after 0 minute(s) and 0 seconds
[2024-07-25 03:04:51.147 +00:00] [INF] [93] Emby.Server.Implementations.ScheduledTasks.TaskManager: "TasksRefreshChannels" Completed after 0 minute(s) and 0 seconds
[2024-07-25 03:04:51.521 +00:00] [INF] [49] Emby.Server.Implementations.ScheduledTasks.TaskManager: "Descargar los subtítulos que faltan" Completed after 0 minute(s) and 0 seconds
[2024-07-25 03:04:51.649 +00:00] [INF] [43] Emby.Server.Implementations.ScheduledTasks.TaskManager: "Limpiar las transcodificaciones" Completed after 0 minute(s) and 0 seconds
[2024-07-25 03:04:52.370 +00:00] [INF] [93] Emby.Server.Implementations.ScheduledTasks.Tasks.OptimizeDatabaseTask: Optimizing and vacuuming jellyfin.db...
[2024-07-25 03:04:52.803 +00:00] [INF] [93] Emby.Server.Implementations.ScheduledTasks.Tasks.OptimizeDatabaseTask: jellyfin.db optimized successfully!
[2024-07-25 03:04:52.803 +00:00] [INF] [93] Emby.Server.Implementations.ScheduledTasks.TaskManager: "Optimizar la base de datos" Completed after 0 minute(s) and 0 seconds
[2024-07-25 03:04:54.465 +00:00] [INF] [49] Emby.Server.Implementations.ScheduledTasks.TaskManager: "Eliminar archivos temporales" Completed after 0 minute(s) and 0 seconds
[2024-07-25 03:05:28.760 +00:00] [INF] [49] Emby.Server.Implementations.Session.SessionWebSocketListener: Sending ForceKeepAlive message to 1 inactive WebSockets.
[2024-07-25 03:07:16.762 +00:00] [INF] [25] Emby.Server.Implementations.Session.SessionWebSocketListener: Sending ForceKeepAlive message to 1 inactive WebSockets.
[2024-07-25 03:08:16.762 +00:00] [INF] [25] Emby.Server.Implementations.Session.SessionWebSocketListener: Sending ForceKeepAlive message to 1 inactive WebSockets.
[2024-07-25 03:10:40.759 +00:00] [INF] [92] Emby.Server.Implementations.Session.SessionWebSocketListener: Sending ForceKeepAlive message to 1 inactive WebSockets.
[2024-07-25 03:11:04.763 +00:00] [INF] [39] Emby.Server.Implementations.Session.SessionWebSocketListener: Sending ForceKeepAlive message to 1 inactive WebSockets.
[2024-07-25 03:13:28.764 +00:00] [INF] [39] Emby.Server.Implementations.Session.SessionWebSocketListener: Sending ForceKeepAlive message to 1 inactive WebSockets.
