[2024-07-20 02:51:20.466 +00:00] [INF] [1] Main: Jellyfin version: "10.9.7"
[2024-07-20 02:51:20.508 +00:00] [INF] [1] Main: Environment Variables: ["[JELLYFIN_DATA_DIR, /config/data]", "[JELLYFIN_WEB_DIR, /usr/share/jellyfin/web]", "[JELLYFIN_CONFIG_DIR, /config]", "[JELLYFIN_PublishedServerUrl, 192.168.0.5]", "[JELLYFIN_CACHE_DIR, /config/cache]", "[JELLYFIN_LOG_DIR, /config/log]"]
[2024-07-20 02:51:20.512 +00:00] [INF] [1] Main: Arguments: ["/usr/lib/jellyfin/bin/jellyfin.dll", "--ffmpeg=/usr/lib/jellyfin-ffmpeg/ffmpeg"]
[2024-07-20 02:51:20.514 +00:00] [INF] [1] Main: Operating system: "Ubuntu 22.04.4 LTS"
[2024-07-20 02:51:20.514 +00:00] [INF] [1] Main: Architecture: X64
[2024-07-20 02:51:20.516 +00:00] [INF] [1] Main: 64-Bit Process: True
[2024-07-20 02:51:20.516 +00:00] [INF] [1] Main: User Interactive: True
[2024-07-20 02:51:20.516 +00:00] [INF] [1] Main: Processor count: 8
[2024-07-20 02:51:20.516 +00:00] [INF] [1] Main: Program data path: "/config/data"
[2024-07-20 02:51:20.517 +00:00] [INF] [1] Main: Log directory path: "/config/log"
[2024-07-20 02:51:20.517 +00:00] [INF] [1] Main: Config directory path: "/config"
[2024-07-20 02:51:20.517 +00:00] [INF] [1] Main: Cache path: "/config/cache"
[2024-07-20 02:51:20.518 +00:00] [INF] [1] Main: Web resources path: "/usr/share/jellyfin/web"
[2024-07-20 02:51:20.518 +00:00] [INF] [1] Main: Application directory: "/usr/lib/jellyfin/bin/"
[2024-07-20 02:51:20.842 +00:00] [INF] [1] Emby.Server.Implementations.AppBase.BaseConfigurationManager: Setting cache path: "/config/cache"
[2024-07-20 02:51:21.321 +00:00] [INF] [1] Emby.Server.Implementations.ApplicationHost: Loading assemblies
[2024-07-20 02:51:21.376 +00:00] [INF] [1] Emby.Server.Implementations.Plugins.PluginManager: Loaded assembly "Jellyfin.Plugin.Dlna, Version=2.0.0.0, Culture=neutral, PublicKeyToken=null" from "/config/data/plugins/DLNA_2.0.0.0/Jellyfin.Plugin.Dlna.dll"
[2024-07-20 02:51:21.378 +00:00] [INF] [1] Emby.Server.Implementations.Plugins.PluginManager: Loaded assembly "Rssdp, Version=2.0.0.0, Culture=neutral, PublicKeyToken=null" from "/config/data/plugins/DLNA_2.0.0.0/Rssdp.dll"
[2024-07-20 02:51:21.384 +00:00] [INF] [1] Emby.Server.Implementations.Plugins.PluginManager: Loaded assembly "Jellyfin.Plugin.Dlna.Playback, Version=2.0.0.0, Culture=neutral, PublicKeyToken=null" from "/config/data/plugins/DLNA_2.0.0.0/Jellyfin.Plugin.Dlna.Playback.dll"
[2024-07-20 02:51:21.385 +00:00] [INF] [1] Emby.Server.Implementations.Plugins.PluginManager: Loaded assembly "Jellyfin.Plugin.Dlna.Model, Version=2.0.0.0, Culture=neutral, PublicKeyToken=null" from "/config/data/plugins/DLNA_2.0.0.0/Jellyfin.Plugin.Dlna.Model.dll"
[2024-07-20 02:51:21.390 +00:00] [INF] [1] Emby.Server.Implementations.Plugins.PluginManager: Loaded assembly "Jellyfin.Plugin.OpenSubtitles, Version=20.0.0.0, Culture=neutral, PublicKeyToken=null" from "/config/data/plugins/Open Subtitles_20.0.0.0/Jellyfin.Plugin.OpenSubtitles.dll"
[2024-07-20 02:51:21.502 +00:00] [INF] [1] Jellyfin.Networking.Manager.NetworkManager: Defined LAN subnets: ["127.0.0.1/8", "10.0.0.0/8", "172.16.0.0/12", "192.168.0.0/16"]
[2024-07-20 02:51:21.502 +00:00] [INF] [1] Jellyfin.Networking.Manager.NetworkManager: Defined LAN exclusions: []
[2024-07-20 02:51:21.503 +00:00] [INF] [1] Jellyfin.Networking.Manager.NetworkManager: Used LAN subnets: ["127.0.0.1/8", "10.0.0.0/8", "172.16.0.0/12", "192.168.0.0/16"]
[2024-07-20 02:51:21.506 +00:00] [INF] [1] Jellyfin.Networking.Manager.NetworkManager: Filtered interface addresses: ["127.0.0.1", "172.19.0.2"]
[2024-07-20 02:51:21.507 +00:00] [INF] [1] Jellyfin.Networking.Manager.NetworkManager: Bind Addresses ["0.0.0.0"]
[2024-07-20 02:51:21.508 +00:00] [INF] [1] Jellyfin.Networking.Manager.NetworkManager: Remote IP filter is "Allowlist"
[2024-07-20 02:51:21.508 +00:00] [INF] [1] Jellyfin.Networking.Manager.NetworkManager: Filtered subnets: []
[2024-07-20 02:51:29.064 +00:00] [INF] [1] Emby.Server.Implementations.Plugins.PluginManager: Loaded plugin: "DLNA" "2.0.0.0"
[2024-07-20 02:51:29.088 +00:00] [INF] [1] Emby.Server.Implementations.Plugins.PluginManager: Loaded plugin: "Open Subtitles" "20.0.0.0"
[2024-07-20 02:51:29.089 +00:00] [INF] [1] Emby.Server.Implementations.Plugins.PluginManager: Loaded plugin: "TMDb" "10.9.7.0"
[2024-07-20 02:51:29.090 +00:00] [INF] [1] Emby.Server.Implementations.Plugins.PluginManager: Loaded plugin: "Studio Images" "10.9.7.0"
[2024-07-20 02:51:29.091 +00:00] [INF] [1] Emby.Server.Implementations.Plugins.PluginManager: Loaded plugin: "OMDb" "10.9.7.0"
[2024-07-20 02:51:29.129 +00:00] [INF] [1] Emby.Server.Implementations.Plugins.PluginManager: Loaded plugin: "MusicBrainz" "10.9.7.0"
[2024-07-20 02:51:29.130 +00:00] [INF] [1] Emby.Server.Implementations.Plugins.PluginManager: Loaded plugin: "AudioDB" "10.9.7.0"
[2024-07-20 02:51:29.246 +00:00] [WRN] [1] Microsoft.AspNetCore.DataProtection.Repositories.EphemeralXmlRepository: Using an in-memory repository. Keys will not be persisted to storage.
[2024-07-20 02:51:29.246 +00:00] [WRN] [1] Microsoft.AspNetCore.DataProtection.KeyManagement.XmlKeyManager: Neither user profile nor HKLM registry available. Using an ephemeral key repository. Protected data will be unavailable when application exits.
[2024-07-20 02:51:29.267 +00:00] [INF] [1] Main: Kestrel is listening on "0.0.0.0"
[2024-07-20 02:51:29.564 +00:00] [INF] [1] Jellyfin.Plugin.Dlna.Main.DlnaHost: Registering publisher for "urn:schemas-upnp-org:device:MediaServer:1" on "127.0.0.1"
[2024-07-20 02:51:29.595 +00:00] [INF] [1] Jellyfin.Plugin.Dlna.Main.DlnaHost: Registering publisher for "urn:schemas-upnp-org:device:MediaServer:1" on "172.19.0.2"
[2024-07-20 02:51:29.632 +00:00] [WRN] [1] Microsoft.AspNetCore.DataProtection.KeyManagement.XmlKeyManager: No XML encryptor configured. Key {bb9cac70-af98-4177-9857-8af762215e70} may be persisted to storage in unencrypted form.
[2024-07-20 02:51:29.996 +00:00] [INF] [1] Jellyfin.Networking.PortForwardingHost: Starting NAT discovery
[2024-07-20 02:51:31.053 +00:00] [WRN] [1] Microsoft.AspNetCore.StaticFiles.StaticFileMiddleware: The WebRootPath was not found: "/run/s6-rc:s6-rc-init:PdOGjn/servicedirs/svc-jellyfin/wwwroot". Static files may be unavailable.
[2024-07-20 02:51:31.119 +00:00] [INF] [1] Emby.Server.Implementations.ApplicationHost: Running startup tasks
[2024-07-20 02:51:31.149 +00:00] [INF] [11] Emby.Server.Implementations.IO.LibraryMonitor: Watching directory "/data/movies"
[2024-07-20 02:51:31.150 +00:00] [INF] [16] Emby.Server.Implementations.IO.LibraryMonitor: Watching directory "/data/tvshows"
[2024-07-20 02:51:31.161 +00:00] [INF] [1] Emby.Server.Implementations.ScheduledTasks.TaskManager: Daily trigger for "Generar miniaturas de línea de tiempo" set to fire at 2024-07-20 03:00:00.000 +00:00, which is 00:08:28.8385025 from now.
[2024-07-20 02:51:31.173 +00:00] [INF] [1] Emby.Server.Implementations.ScheduledTasks.TaskManager: Daily trigger for "Extraer imágenes de los capítulos" set to fire at 2024-07-21 02:00:00.000 +00:00, which is 23:08:28.8260698 from now.
[2024-07-20 02:51:31.373 +00:00] [INF] [1] MediaBrowser.MediaEncoding.Encoder.MediaEncoder: Found ffmpeg version "6.0.1"
[2024-07-20 02:51:31.472 +00:00] [INF] [1] MediaBrowser.MediaEncoding.Encoder.MediaEncoder: Available "decoders": ["libdav1d", "av1", "av1_cuvid", "av1_qsv", "h264", "h264_qsv", "h264_cuvid", "hevc", "hevc_qsv", "hevc_cuvid", "mpeg2video", "mpeg2_qsv", "mpeg2_cuvid", "mpeg4", "mpeg4_cuvid", "msmpeg4", "vc1_qsv", "vc1_cuvid", "vp8", "libvpx", "vp8_cuvid", "vp8_qsv", "vp9", "libvpx-vp9", "vp9_cuvid", "vp9_qsv", "aac", "ac3", "dca", "flac", "mp3", "truehd"]
[2024-07-20 02:51:31.501 +00:00] [INF] [1] MediaBrowser.MediaEncoding.Encoder.MediaEncoder: Available "encoders": ["libsvtav1", "av1_nvenc", "av1_qsv", "av1_amf", "av1_vaapi", "libx264", "h264_amf", "h264_nvenc", "h264_qsv", "h264_v4l2m2m", "h264_vaapi", "libx265", "hevc_amf", "hevc_nvenc", "hevc_qsv", "hevc_vaapi", "mjpeg_qsv", "mjpeg_vaapi", "mpeg4", "msmpeg4", "libvpx", "libvpx-vp9", "aac", "libfdk_aac", "ac3", "alac", "dca", "flac", "libmp3lame", "libopus", "truehd", "libvorbis", "srt"]
[2024-07-20 02:51:31.532 +00:00] [INF] [1] MediaBrowser.MediaEncoding.Encoder.MediaEncoder: Available filters: ["deinterlace_qsv", "deinterlace_vaapi", "hwupload_cuda", "hwupload_vaapi", "libplacebo", "overlay_opencl", "overlay_qsv", "overlay_vaapi", "overlay_vulkan", "overlay_cuda", "procamp_vaapi", "scale_cuda", "scale_opencl", "scale_qsv", "scale_vaapi", "scale_vulkan", "tonemap_cuda", "tonemap_opencl", "tonemap_vaapi", "vpp_qsv", "yadif_cuda", "zscale", "alphasrc"]
[2024-07-20 02:51:31.703 +00:00] [INF] [1] MediaBrowser.MediaEncoding.Encoder.MediaEncoder: Available hwaccel types: ["cuda", "vaapi", "qsv", "drm", "opencl", "vulkan"]
[2024-07-20 02:51:33.325 +00:00] [INF] [1] MediaBrowser.MediaEncoding.Encoder.MediaEncoder: FFmpeg: "/usr/lib/jellyfin-ffmpeg/ffmpeg"
[2024-07-20 02:51:33.325 +00:00] [INF] [1] Emby.Server.Implementations.ApplicationHost: ServerId: "403462fb282e4e5db312f5d602582022"
[2024-07-20 02:51:33.325 +00:00] [INF] [1] Emby.Server.Implementations.ApplicationHost: Core startup complete
[2024-07-20 02:51:33.325 +00:00] [INF] [1] Main: Startup complete 0:00:13.5825233
[2024-07-20 02:51:34.198 +00:00] [INF] [11] Emby.Server.Implementations.ScheduledTasks.TaskManager: "Limpiar colecciones y listas de reproducción" Completed after 0 minute(s) and 0 seconds
[2024-07-20 02:51:34.329 +00:00] [ERR] [11] Emby.Server.Implementations.Updates.InstallationManager: An error occurred while accessing the plugin manifest: "https://repo.jellyfin.org/files/plugin/manifest.json"
System.Net.Http.HttpRequestException: Name or service not known (repo.jellyfin.org:443)
 ---> System.Net.Sockets.SocketException (0xFFFDFFFF): Name or service not known
   at System.Net.Sockets.Socket.AwaitableSocketAsyncEventArgs.ThrowException(SocketError error, CancellationToken cancellationToken)
   at System.Net.Sockets.Socket.AwaitableSocketAsyncEventArgs.System.Threading.Tasks.Sources.IValueTaskSource.GetResult(Int16 token)
   at System.Net.Sockets.Socket.<ConnectAsync>g__WaitForConnectWithCancellation|285_0(AwaitableSocketAsyncEventArgs saea, ValueTask connectTask, CancellationToken cancellationToken)
   at Jellyfin.Networking.HappyEyeballs.HttpClientExtension.AttemptConnection(AddressFamily addressFamily, SocketsHttpConnectionContext context, CancellationToken cancellationToken)
   at Jellyfin.Networking.HappyEyeballs.HttpClientExtension.OnConnect(SocketsHttpConnectionContext context, CancellationToken cancellationToken)
   at System.Net.Http.HttpConnectionPool.ConnectToTcpHostAsync(String host, Int32 port, HttpRequestMessage initialRequest, Boolean async, CancellationToken cancellationToken)
   --- End of inner exception stack trace ---
   at System.Net.Http.HttpConnectionPool.ConnectToTcpHostAsync(String host, Int32 port, HttpRequestMessage initialRequest, Boolean async, CancellationToken cancellationToken)
   at System.Net.Http.HttpConnectionPool.ConnectAsync(HttpRequestMessage request, Boolean async, CancellationToken cancellationToken)
   at System.Net.Http.HttpConnectionPool.CreateHttp11ConnectionAsync(HttpRequestMessage request, Boolean async, CancellationToken cancellationToken)
   at System.Net.Http.HttpConnectionPool.AddHttp11ConnectionAsync(QueueItem queueItem)
   at System.Threading.Tasks.TaskCompletionSourceWithCancellation`1.WaitWithCancellationAsync(CancellationToken cancellationToken)
   at System.Net.Http.HttpConnectionPool.SendWithVersionDetectionAndRetryAsync(HttpRequestMessage request, Boolean async, Boolean doRequestAuth, CancellationToken cancellationToken)
   at System.Net.Http.RedirectHandler.SendAsync(HttpRequestMessage request, Boolean async, CancellationToken cancellationToken)
   at System.Net.Http.DecompressionHandler.SendAsync(HttpRequestMessage request, Boolean async, CancellationToken cancellationToken)
   at Microsoft.Extensions.Http.Logging.LoggingHttpMessageHandler.<SendCoreAsync>g__Core|5_0(HttpRequestMessage request, Boolean useAsync, CancellationToken cancellationToken)
   at Microsoft.Extensions.Http.Logging.LoggingScopeHttpMessageHandler.<SendCoreAsync>g__Core|5_0(HttpRequestMessage request, Boolean useAsync, CancellationToken cancellationToken)
   at System.Net.Http.HttpClient.<SendAsync>g__Core|83_0(HttpRequestMessage request, HttpCompletionOption completionOption, CancellationTokenSource cts, Boolean disposeCts, CancellationTokenSource pendingRequestsCts, CancellationToken originalCancellationToken)
   at System.Net.Http.Json.HttpClientJsonExtensions.<FromJsonAsyncCore>g__Core|12_0[TValue,TJsonOptions](HttpClient client, Task`1 responseTask, Boolean usingResponseHeadersRead, CancellationTokenSource linkedCTS, Func`4 deserializeMethod, TJsonOptions jsonOptions, CancellationToken cancellationToken)
   at Emby.Server.Implementations.Updates.InstallationManager.GetPackages(String manifestName, String manifest, Boolean filterIncompatible, CancellationToken cancellationToken)
[2024-07-20 02:51:34.359 +00:00] [ERR] [8] Emby.Server.Implementations.Updates.InstallationManager: An error occurred while accessing the plugin manifest: "https://raw.githubusercontent.com/danieladov/JellyfinPluginManifest/master/manifest.json"
System.Net.Http.HttpRequestException: Name or service not known (raw.githubusercontent.com:443)
 ---> System.Net.Sockets.SocketException (0xFFFDFFFF): Name or service not known
   at System.Net.Sockets.Socket.AwaitableSocketAsyncEventArgs.ThrowException(SocketError error, CancellationToken cancellationToken)
   at System.Net.Sockets.Socket.AwaitableSocketAsyncEventArgs.System.Threading.Tasks.Sources.IValueTaskSource.GetResult(Int16 token)
   at System.Net.Sockets.Socket.<ConnectAsync>g__WaitForConnectWithCancellation|285_0(AwaitableSocketAsyncEventArgs saea, ValueTask connectTask, CancellationToken cancellationToken)
   at Jellyfin.Networking.HappyEyeballs.HttpClientExtension.AttemptConnection(AddressFamily addressFamily, SocketsHttpConnectionContext context, CancellationToken cancellationToken)
   at Jellyfin.Networking.HappyEyeballs.HttpClientExtension.OnConnect(SocketsHttpConnectionContext context, CancellationToken cancellationToken)
   at System.Net.Http.HttpConnectionPool.ConnectToTcpHostAsync(String host, Int32 port, HttpRequestMessage initialRequest, Boolean async, CancellationToken cancellationToken)
   --- End of inner exception stack trace ---
   at System.Net.Http.HttpConnectionPool.ConnectToTcpHostAsync(String host, Int32 port, HttpRequestMessage initialRequest, Boolean async, CancellationToken cancellationToken)
   at System.Net.Http.HttpConnectionPool.ConnectAsync(HttpRequestMessage request, Boolean async, CancellationToken cancellationToken)
   at System.Net.Http.HttpConnectionPool.CreateHttp11ConnectionAsync(HttpRequestMessage request, Boolean async, CancellationToken cancellationToken)
   at System.Net.Http.HttpConnectionPool.AddHttp11ConnectionAsync(QueueItem queueItem)
   at System.Threading.Tasks.TaskCompletionSourceWithCancellation`1.WaitWithCancellationAsync(CancellationToken cancellationToken)
   at System.Net.Http.HttpConnectionPool.SendWithVersionDetectionAndRetryAsync(HttpRequestMessage request, Boolean async, Boolean doRequestAuth, CancellationToken cancellationToken)
   at System.Net.Http.RedirectHandler.SendAsync(HttpRequestMessage request, Boolean async, CancellationToken cancellationToken)
   at System.Net.Http.DecompressionHandler.SendAsync(HttpRequestMessage request, Boolean async, CancellationToken cancellationToken)
   at Microsoft.Extensions.Http.Logging.LoggingHttpMessageHandler.<SendCoreAsync>g__Core|5_0(HttpRequestMessage request, Boolean useAsync, CancellationToken cancellationToken)
   at Microsoft.Extensions.Http.Logging.LoggingScopeHttpMessageHandler.<SendCoreAsync>g__Core|5_0(HttpRequestMessage request, Boolean useAsync, CancellationToken cancellationToken)
   at System.Net.Http.HttpClient.<SendAsync>g__Core|83_0(HttpRequestMessage request, HttpCompletionOption completionOption, CancellationTokenSource cts, Boolean disposeCts, CancellationTokenSource pendingRequestsCts, CancellationToken originalCancellationToken)
   at System.Net.Http.Json.HttpClientJsonExtensions.<FromJsonAsyncCore>g__Core|12_0[TValue,TJsonOptions](HttpClient client, Task`1 responseTask, Boolean usingResponseHeadersRead, CancellationTokenSource linkedCTS, Func`4 deserializeMethod, TJsonOptions jsonOptions, CancellationToken cancellationToken)
   at Emby.Server.Implementations.Updates.InstallationManager.GetPackages(String manifestName, String manifest, Boolean filterIncompatible, CancellationToken cancellationToken)
[2024-07-20 02:51:34.370 +00:00] [ERR] [8] Emby.Server.Implementations.Updates.InstallationManager: An error occurred while accessing the plugin manifest: "https://repo.codyrobibero.dev/manifest.json"
System.Net.Http.HttpRequestException: Name or service not known (repo.codyrobibero.dev:443)
 ---> System.Net.Sockets.SocketException (0xFFFDFFFF): Name or service not known
   at System.Net.Sockets.Socket.AwaitableSocketAsyncEventArgs.ThrowException(SocketError error, CancellationToken cancellationToken)
   at System.Net.Sockets.Socket.AwaitableSocketAsyncEventArgs.System.Threading.Tasks.Sources.IValueTaskSource.GetResult(Int16 token)
   at System.Net.Sockets.Socket.<ConnectAsync>g__WaitForConnectWithCancellation|285_0(AwaitableSocketAsyncEventArgs saea, ValueTask connectTask, CancellationToken cancellationToken)
   at Jellyfin.Networking.HappyEyeballs.HttpClientExtension.AttemptConnection(AddressFamily addressFamily, SocketsHttpConnectionContext context, CancellationToken cancellationToken)
   at Jellyfin.Networking.HappyEyeballs.HttpClientExtension.OnConnect(SocketsHttpConnectionContext context, CancellationToken cancellationToken)
   at System.Net.Http.HttpConnectionPool.ConnectToTcpHostAsync(String host, Int32 port, HttpRequestMessage initialRequest, Boolean async, CancellationToken cancellationToken)
   --- End of inner exception stack trace ---
   at System.Net.Http.HttpConnectionPool.ConnectToTcpHostAsync(String host, Int32 port, HttpRequestMessage initialRequest, Boolean async, CancellationToken cancellationToken)
   at System.Net.Http.HttpConnectionPool.ConnectAsync(HttpRequestMessage request, Boolean async, CancellationToken cancellationToken)
   at System.Net.Http.HttpConnectionPool.CreateHttp11ConnectionAsync(HttpRequestMessage request, Boolean async, CancellationToken cancellationToken)
   at System.Net.Http.HttpConnectionPool.AddHttp11ConnectionAsync(QueueItem queueItem)
   at System.Threading.Tasks.TaskCompletionSourceWithCancellation`1.WaitWithCancellationAsync(CancellationToken cancellationToken)
   at System.Net.Http.HttpConnectionPool.SendWithVersionDetectionAndRetryAsync(HttpRequestMessage request, Boolean async, Boolean doRequestAuth, CancellationToken cancellationToken)
   at System.Net.Http.RedirectHandler.SendAsync(HttpRequestMessage request, Boolean async, CancellationToken cancellationToken)
   at System.Net.Http.DecompressionHandler.SendAsync(HttpRequestMessage request, Boolean async, CancellationToken cancellationToken)
   at Microsoft.Extensions.Http.Logging.LoggingHttpMessageHandler.<SendCoreAsync>g__Core|5_0(HttpRequestMessage request, Boolean useAsync, CancellationToken cancellationToken)
   at Microsoft.Extensions.Http.Logging.LoggingScopeHttpMessageHandler.<SendCoreAsync>g__Core|5_0(HttpRequestMessage request, Boolean useAsync, CancellationToken cancellationToken)
   at System.Net.Http.HttpClient.<SendAsync>g__Core|83_0(HttpRequestMessage request, HttpCompletionOption completionOption, CancellationTokenSource cts, Boolean disposeCts, CancellationTokenSource pendingRequestsCts, CancellationToken originalCancellationToken)
   at System.Net.Http.Json.HttpClientJsonExtensions.<FromJsonAsyncCore>g__Core|12_0[TValue,TJsonOptions](HttpClient client, Task`1 responseTask, Boolean usingResponseHeadersRead, CancellationTokenSource linkedCTS, Func`4 deserializeMethod, TJsonOptions jsonOptions, CancellationToken cancellationToken)
   at Emby.Server.Implementations.Updates.InstallationManager.GetPackages(String manifestName, String manifest, Boolean filterIncompatible, CancellationToken cancellationToken)
[2024-07-20 02:51:34.379 +00:00] [INF] [8] Emby.Server.Implementations.ScheduledTasks.TaskManager: "Actualizar extensiones" Completed after 0 minute(s) and 0 seconds
[2024-07-20 02:52:32.186 +00:00] [INF] [22] Emby.Server.Implementations.IO.LibraryMonitor: Stopping directory watching for path "/data/tvshows"
[2024-07-20 02:52:32.187 +00:00] [INF] [22] Emby.Server.Implementations.IO.LibraryMonitor: Stopping directory watching for path "/data/movies"
[2024-07-20 02:52:32.189 +00:00] [INF] [22] Emby.Server.Implementations.Library.LibraryManager: Validating media library
[2024-07-20 02:52:32.403 +00:00] [WRN] [22] MediaBrowser.Controller.Entities.BaseItem: Library folder "/config/data/data/playlists" is inaccessible or empty, skipping
[2024-07-20 02:52:32.487 +00:00] [WRN] [23] MediaBrowser.Controller.Entities.BaseItem: Library folder "/config/data/data/playlists" is inaccessible or empty, skipping
[2024-07-20 02:52:38.411 +00:00] [INF] [23] Emby.Server.Implementations.ScheduledTasks.TaskManager: "Escanear la biblioteca" Completed after 0 minute(s) and 6 seconds
[2024-07-20 02:52:38.463 +00:00] [INF] [28] Emby.Server.Implementations.IO.LibraryMonitor: Watching directory "/data/tvshows"
[2024-07-20 02:52:38.463 +00:00] [INF] [22] Emby.Server.Implementations.IO.LibraryMonitor: Watching directory "/data/movies"
[2024-07-20 03:00:01.013 +00:00] [INF] [37] Emby.Server.Implementations.ScheduledTasks.TaskManager: "Generar miniaturas de línea de tiempo" Completed after 0 minute(s) and 0 seconds
[2024-07-20 03:00:01.993 +00:00] [INF] [38] Emby.Server.Implementations.ScheduledTasks.TaskManager: Daily trigger for "Generar miniaturas de línea de tiempo" set to fire at 2024-07-21 03:00:00.000 +00:00, which is 23:59:58.0067388 from now.
[2024-07-20 03:04:49.309 +00:00] [INF] [11] Emby.Server.Implementations.ScheduledTasks.TaskManager: "Limpiar registros" Completed after 0 minute(s) and 0 seconds
[2024-07-20 03:04:49.360 +00:00] [INF] [16] Emby.Server.Implementations.ScheduledTasks.TaskManager: "TasksRefreshChannels" Completed after 0 minute(s) and 0 seconds
[2024-07-20 03:04:49.382 +00:00] [INF] [11] Emby.Server.Implementations.ScheduledTasks.TaskManager: "Normalización de audio" Completed after 0 minute(s) and 0 seconds
[2024-07-20 03:04:49.416 +00:00] [INF] [16] Emby.Server.Implementations.ScheduledTasks.TaskManager: "Descargar los subtítulos que faltan" Completed after 0 minute(s) and 0 seconds
[2024-07-20 03:04:49.699 +00:00] [INF] [11] Emby.Server.Implementations.ScheduledTasks.TaskManager: "Limpiar las transcodificaciones" Completed after 0 minute(s) and 0 seconds
[2024-07-20 03:04:50.158 +00:00] [INF] [16] Emby.Server.Implementations.ScheduledTasks.Tasks.OptimizeDatabaseTask: Optimizing and vacuuming jellyfin.db...
[2024-07-20 03:04:50.244 +00:00] [INF] [16] Emby.Server.Implementations.ScheduledTasks.Tasks.OptimizeDatabaseTask: jellyfin.db optimized successfully!
[2024-07-20 03:04:50.245 +00:00] [INF] [16] Emby.Server.Implementations.ScheduledTasks.TaskManager: "Optimizar la base de datos" Completed after 0 minute(s) and 0 seconds
[2024-07-20 03:04:50.871 +00:00] [INF] [11] Emby.Server.Implementations.ScheduledTasks.TaskManager: "Eliminar archivos temporales" Completed after 0 minute(s) and 0 seconds
[2024-07-20 03:21:54.663 +00:00] [INF] [72] Emby.Server.Implementations.HttpServer.WebSocketManager: WS "192.168.65.1" request
[2024-07-20 03:22:09.037 +00:00] [INF] [63] Jellyfin.Api.Helpers.MediaInfoHelper: User policy for "juan". EnablePlaybackRemuxing: True EnableVideoPlaybackTranscoding: True EnableAudioPlaybackTranscoding: True
[2024-07-20 03:22:09.201 +00:00] [INF] [64] Jellyfin.Api.Helpers.MediaInfoHelper: User policy for "juan". EnablePlaybackRemuxing: True EnableVideoPlaybackTranscoding: True EnableAudioPlaybackTranscoding: True
[2024-07-20 03:31:01.025 +00:00] [INF] [67] Emby.Server.Implementations.Session.SessionManager: Playback stopped reported by app "Android TV" "0.16.11" playing "21-18-11-18". Stopped at "2587796" ms
[2024-07-20 03:31:08.851 +00:00] [INF] [67] Jellyfin.Api.Helpers.MediaInfoHelper: User policy for "juan". EnablePlaybackRemuxing: True EnableVideoPlaybackTranscoding: True EnableAudioPlaybackTranscoding: True
[2024-07-20 03:31:08.984 +00:00] [INF] [66] Jellyfin.Api.Helpers.MediaInfoHelper: User policy for "juan". EnablePlaybackRemuxing: True EnableVideoPlaybackTranscoding: True EnableAudioPlaybackTranscoding: True
[2024-07-20 03:35:09.670 +00:00] [INF] [61] Jellyfin.LiveTv.Guide.GuideManager: Refreshing guide with 7 days of guide data
[2024-07-20 03:35:09.675 +00:00] [INF] [61] Emby.Server.Implementations.ScheduledTasks.TaskManager: "Refresh Guide" Completed after 0 minute(s) and 3 seconds
[2024-07-20 04:13:58.446 +00:00] [INF] [58] Emby.Server.Implementations.Session.SessionManager: Playback stopped reported by app "Android TV" "0.16.11" playing "Carta roja". Stopped at "2567071" ms
[2024-07-20 04:14:06.145 +00:00] [INF] [73] Jellyfin.Api.Helpers.MediaInfoHelper: User policy for "juan". EnablePlaybackRemuxing: True EnableVideoPlaybackTranscoding: True EnableAudioPlaybackTranscoding: True
[2024-07-20 04:14:06.240 +00:00] [INF] [73] Jellyfin.Api.Helpers.MediaInfoHelper: User policy for "juan". EnablePlaybackRemuxing: True EnableVideoPlaybackTranscoding: True EnableAudioPlaybackTranscoding: True
[2024-07-20 04:15:38.210 +00:00] [INF] [73] Emby.Server.Implementations.HttpServer.WebSocketManager: WS "192.168.65.1" request
[2024-07-20 04:16:50.907 +00:00] [WRN] [73] Microsoft.EntityFrameworkCore.Query: Compiling a query which loads related collections for more than one collection navigation, either via 'Include' or through projection, but no 'QuerySplittingBehavior' has been configured. By default, Entity Framework will use 'QuerySplittingBehavior.SingleQuery', which can potentially result in slow query performance. See https://go.microsoft.com/fwlink/?linkid=2134277 for more information. To identify the query that's triggering this warning call 'ConfigureWarnings(w => w.Throw(RelationalEventId.MultipleCollectionIncludeWarning))'.
[2024-07-20 04:19:30.991 +00:00] [INF] [11] Emby.Server.Implementations.Session.SessionWebSocketListener: Sending ForceKeepAlive message to 1 inactive WebSockets.
[2024-07-20 04:21:30.990 +00:00] [INF] [75] Emby.Server.Implementations.Session.SessionWebSocketListener: Sending ForceKeepAlive message to 1 inactive WebSockets.
[2024-07-20 04:22:18.991 +00:00] [INF] [26] Emby.Server.Implementations.Session.SessionWebSocketListener: Sending ForceKeepAlive message to 1 inactive WebSockets.
[2024-07-20 04:23:42.991 +00:00] [INF] [71] Emby.Server.Implementations.Session.SessionWebSocketListener: Sending ForceKeepAlive message to 1 inactive WebSockets.
[2024-07-20 04:23:54.991 +00:00] [INF] [71] Emby.Server.Implementations.Session.SessionWebSocketListener: Lost 1 WebSockets.
[2024-07-20 04:54:04.401 +00:00] [WRN] [47] Emby.Server.Implementations.HttpServer.WebSocketConnection: WS "192.168.65.1" error receiving data: "The remote party closed the WebSocket connection without completing the close handshake."
[2024-07-20 04:54:04.414 +00:00] [INF] [47] Emby.Server.Implementations.HttpServer.WebSocketManager: WS "192.168.65.1" closed
[2024-07-20 04:57:35.529 +00:00] [INF] [50] Emby.Server.Implementations.Session.SessionManager: Playback stopped reported by app "Android TV" "0.16.11" playing "Cielo rojo al amanecer". Stopped at "2605961" ms
[2024-07-20 08:50:26.522 +00:00] [WRN] [46] Emby.Server.Implementations.HttpServer.WebSocketConnection: WS "192.168.65.1" error receiving data: "The remote party closed the WebSocket connection without completing the close handshake."
[2024-07-20 08:50:26.532 +00:00] [INF] [46] Emby.Server.Implementations.HttpServer.WebSocketManager: WS "192.168.65.1" closed
[2024-07-20 08:50:26.542 +00:00] [INF] [46] Emby.Server.Implementations.HttpServer.WebSocketManager: WS "192.168.65.1" request
[2024-07-20 14:49:14.087 +00:00] [ERR] [41] Emby.Server.Implementations.Updates.InstallationManager: An error occurred while accessing the plugin manifest: "https://repo.codyrobibero.dev/manifest.json"
System.Net.Http.HttpRequestException: Name or service not known (repo.codyrobibero.dev:443)
 ---> System.Net.Sockets.SocketException (0xFFFDFFFF): Name or service not known
   at System.Net.Sockets.Socket.AwaitableSocketAsyncEventArgs.ThrowException(SocketError error, CancellationToken cancellationToken)
   at System.Net.Sockets.Socket.AwaitableSocketAsyncEventArgs.System.Threading.Tasks.Sources.IValueTaskSource.GetResult(Int16 token)
   at System.Net.Sockets.Socket.<ConnectAsync>g__WaitForConnectWithCancellation|285_0(AwaitableSocketAsyncEventArgs saea, ValueTask connectTask, CancellationToken cancellationToken)
   at Jellyfin.Networking.HappyEyeballs.HttpClientExtension.AttemptConnection(AddressFamily addressFamily, SocketsHttpConnectionContext context, CancellationToken cancellationToken)
   at Jellyfin.Networking.HappyEyeballs.HttpClientExtension.OnConnect(SocketsHttpConnectionContext context, CancellationToken cancellationToken)
   at System.Net.Http.HttpConnectionPool.ConnectToTcpHostAsync(String host, Int32 port, HttpRequestMessage initialRequest, Boolean async, CancellationToken cancellationToken)
   --- End of inner exception stack trace ---
   at System.Net.Http.HttpConnectionPool.ConnectToTcpHostAsync(String host, Int32 port, HttpRequestMessage initialRequest, Boolean async, CancellationToken cancellationToken)
   at System.Net.Http.HttpConnectionPool.ConnectAsync(HttpRequestMessage request, Boolean async, CancellationToken cancellationToken)
   at System.Net.Http.HttpConnectionPool.CreateHttp11ConnectionAsync(HttpRequestMessage request, Boolean async, CancellationToken cancellationToken)
   at System.Net.Http.HttpConnectionPool.AddHttp11ConnectionAsync(QueueItem queueItem)
   at System.Threading.Tasks.TaskCompletionSourceWithCancellation`1.WaitWithCancellationAsync(CancellationToken cancellationToken)
   at System.Net.Http.HttpConnectionPool.SendWithVersionDetectionAndRetryAsync(HttpRequestMessage request, Boolean async, Boolean doRequestAuth, CancellationToken cancellationToken)
   at System.Net.Http.RedirectHandler.SendAsync(HttpRequestMessage request, Boolean async, CancellationToken cancellationToken)
   at System.Net.Http.DecompressionHandler.SendAsync(HttpRequestMessage request, Boolean async, CancellationToken cancellationToken)
   at Microsoft.Extensions.Http.Logging.LoggingHttpMessageHandler.<SendCoreAsync>g__Core|5_0(HttpRequestMessage request, Boolean useAsync, CancellationToken cancellationToken)
   at Microsoft.Extensions.Http.Logging.LoggingScopeHttpMessageHandler.<SendCoreAsync>g__Core|5_0(HttpRequestMessage request, Boolean useAsync, CancellationToken cancellationToken)
   at System.Net.Http.HttpClient.<SendAsync>g__Core|83_0(HttpRequestMessage request, HttpCompletionOption completionOption, CancellationTokenSource cts, Boolean disposeCts, CancellationTokenSource pendingRequestsCts, CancellationToken originalCancellationToken)
   at System.Net.Http.Json.HttpClientJsonExtensions.<FromJsonAsyncCore>g__Core|12_0[TValue,TJsonOptions](HttpClient client, Task`1 responseTask, Boolean usingResponseHeadersRead, CancellationTokenSource linkedCTS, Func`4 deserializeMethod, TJsonOptions jsonOptions, CancellationToken cancellationToken)
   at Emby.Server.Implementations.Updates.InstallationManager.GetPackages(String manifestName, String manifest, Boolean filterIncompatible, CancellationToken cancellationToken)
[2024-07-20 14:49:14.090 +00:00] [INF] [41] Emby.Server.Implementations.ScheduledTasks.TaskManager: "Actualizar extensiones" Completed after 0 minute(s) and 1 seconds
[2024-07-20 14:52:32.374 +00:00] [INF] [14] Emby.Server.Implementations.IO.LibraryMonitor: Stopping directory watching for path "/data/tvshows"
[2024-07-20 14:52:32.374 +00:00] [INF] [14] Emby.Server.Implementations.IO.LibraryMonitor: Stopping directory watching for path "/data/movies"
[2024-07-20 14:52:32.374 +00:00] [INF] [14] Emby.Server.Implementations.Library.LibraryManager: Validating media library
[2024-07-20 14:52:32.400 +00:00] [WRN] [14] MediaBrowser.Controller.Entities.BaseItem: Library folder "/config/data/data/playlists" is inaccessible or empty, skipping
[2024-07-20 14:52:32.432 +00:00] [WRN] [14] MediaBrowser.Controller.Entities.BaseItem: Library folder "/config/data/data/playlists" is inaccessible or empty, skipping
[2024-07-20 14:52:37.751 +00:00] [INF] [28] Emby.Server.Implementations.ScheduledTasks.TaskManager: "Escanear la biblioteca" Completed after 0 minute(s) and 5 seconds
[2024-07-20 14:52:37.785 +00:00] [INF] [31] Emby.Server.Implementations.IO.LibraryMonitor: Watching directory "/data/movies"
[2024-07-20 14:52:37.786 +00:00] [INF] [39] Emby.Server.Implementations.IO.LibraryMonitor: Watching directory "/data/tvshows"
[2024-07-20 18:13:33.424 +00:00] [INF] [24] Emby.Server.Implementations.IO.LibraryMonitor: "El Mentalista" ("/data/tvshows/Mentalista") will be refreshed.
[2024-07-20 18:13:33.760 +00:00] [INF] [24] MediaBrowser.Providers.TV.SeriesMetadataService: Creating Season "Temporada desconocida" entry for "El Mentalista"
[2024-07-20 18:13:33.899 +00:00] [INF] [24] MediaBrowser.Providers.TV.SeriesMetadataService: Removing virtual season null in series "El Mentalista"
[2024-07-20 18:13:33.902 +00:00] [INF] [24] Emby.Server.Implementations.Library.LibraryManager: Removing item, Type: "Season", Name: "Temporada desconocida", Path: "", Id: fb74aa62-bac8-7d63-0db6-3fa890ddaae3
[2024-07-20 18:13:36.210 +00:00] [INF] [24] MediaBrowser.MediaEncoding.Encoder.MediaEncoder: Starting "/usr/lib/jellyfin-ffmpeg/ffprobe" with args "-analyzeduration 200M -probesize 1G -i file:\"/data/tvshows/Mentalista/Temporada 3/1.mp4\" -threads 0 -v warning -print_format json -show_streams -show_chapters -show_format"
[2024-07-20 18:13:39.541 +00:00] [INF] [57] Jellyfin.Plugin.OpenSubtitles.OpenSubtitleDownloader: Remaining downloads: 19
[2024-07-20 18:13:40.192 +00:00] [INF] [24] MediaBrowser.Providers.Subtitles.SubtitleManager: Saving subtitles to "/data/tvshows/Mentalista/Temporada 3/1.spa.srt"
[2024-07-20 18:13:40.457 +00:00] [INF] [34] Jellyfin.Plugin.OpenSubtitles.OpenSubtitleDownloader: Remaining downloads: 19
[2024-07-20 18:13:40.514 +00:00] [INF] [34] MediaBrowser.Providers.Subtitles.SubtitleManager: Saving subtitles to "/data/tvshows/Mentalista/Temporada 3/1.spa.0.srt"
[2024-07-20 18:13:40.519 +00:00] [INF] [34] MediaBrowser.MediaEncoding.Encoder.MediaEncoder: Starting "/usr/lib/jellyfin-ffmpeg/ffprobe" with args "-analyzeduration 200M -probesize 1G -i file:\"/data/tvshows/Mentalista/Temporada 3/1.spa.0.srt\" -threads 0 -v warning -print_format json -show_streams -show_format"
[2024-07-20 18:13:40.545 +00:00] [INF] [57] MediaBrowser.MediaEncoding.Encoder.MediaEncoder: Starting "/usr/lib/jellyfin-ffmpeg/ffprobe" with args "-analyzeduration 200M -probesize 1G -i file:\"/data/tvshows/Mentalista/Temporada 3/1.spa.srt\" -threads 0 -v warning -print_format json -show_streams -show_format"
[2024-07-20 18:13:41.494 +00:00] [INF] [34] MediaBrowser.MediaEncoding.Encoder.MediaEncoder: Starting "/usr/lib/jellyfin-ffmpeg/ffprobe" with args "-analyzeduration 200M -probesize 1G -i file:\"/data/tvshows/Mentalista/2.mp4\" -threads 0 -v warning -print_format json -show_streams -show_chapters -show_format"
[2024-07-20 18:13:42.470 +00:00] [INF] [34] Jellyfin.Plugin.OpenSubtitles.OpenSubtitleDownloader: Remaining downloads: 18
[2024-07-20 18:13:42.954 +00:00] [INF] [34] MediaBrowser.Providers.Subtitles.SubtitleManager: Saving subtitles to "/data/tvshows/Mentalista/2.spa.srt"
[2024-07-20 18:13:43.233 +00:00] [INF] [34] Jellyfin.Plugin.OpenSubtitles.OpenSubtitleDownloader: Remaining downloads: 18
[2024-07-20 18:13:43.289 +00:00] [INF] [34] MediaBrowser.Providers.Subtitles.SubtitleManager: Saving subtitles to "/data/tvshows/Mentalista/2.spa.0.srt"
[2024-07-20 18:13:43.294 +00:00] [INF] [34] MediaBrowser.MediaEncoding.Encoder.MediaEncoder: Starting "/usr/lib/jellyfin-ffmpeg/ffprobe" with args "-analyzeduration 200M -probesize 1G -i file:\"/data/tvshows/Mentalista/2.spa.0.srt\" -threads 0 -v warning -print_format json -show_streams -show_format"
[2024-07-20 18:13:43.319 +00:00] [INF] [57] MediaBrowser.MediaEncoding.Encoder.MediaEncoder: Starting "/usr/lib/jellyfin-ffmpeg/ffprobe" with args "-analyzeduration 200M -probesize 1G -i file:\"/data/tvshows/Mentalista/2.spa.srt\" -threads 0 -v warning -print_format json -show_streams -show_format"
[2024-07-20 18:15:01.416 +00:00] [INF] [69] Jellyfin.Api.Helpers.MediaInfoHelper: User policy for "juan". EnablePlaybackRemuxing: True EnableVideoPlaybackTranscoding: True EnableAudioPlaybackTranscoding: True
[2024-07-20 18:30:36.027 +00:00] [INF] [64] Emby.Server.Implementations.HttpServer.WebSocketManager: WS "192.168.65.1" request
[2024-07-20 18:33:38.726 +00:00] [INF] [50] Emby.Server.Implementations.Session.SessionWebSocketListener: Sending ForceKeepAlive message to 1 inactive WebSockets.
[2024-07-20 18:36:26.737 +00:00] [INF] [42] Emby.Server.Implementations.Session.SessionWebSocketListener: Sending ForceKeepAlive message to 1 inactive WebSockets.
[2024-07-20 18:36:38.737 +00:00] [INF] [58] Emby.Server.Implementations.Session.SessionWebSocketListener: Sending ForceKeepAlive message to 1 inactive WebSockets.
[2024-07-20 18:36:50.738 +00:00] [INF] [40] Emby.Server.Implementations.Session.SessionWebSocketListener: Lost 1 WebSockets.
[2024-07-20 18:40:03.737 +00:00] [INF] [46] Emby.Server.Implementations.Session.SessionManager: Playback stopped reported by app "Jellyfin Roku" "2.1.0" playing "Cielo rojo al anochecer". Stopped at "950000" ms
[2024-07-20 18:45:01.534 +00:00] [WRN] [66] Emby.Server.Implementations.HttpServer.WebSocketConnection: WS "192.168.65.1" error receiving data: "The remote party closed the WebSocket connection without completing the close handshake."
[2024-07-20 18:45:01.543 +00:00] [INF] [66] Emby.Server.Implementations.HttpServer.WebSocketManager: WS "192.168.65.1" closed
[2024-07-20 19:22:48.041 +00:00] [INF] [3] Emby.Server.Implementations.Session.SessionManager: Playback stopped reported by app "Jellyfin Roku" "2.1.0" playing "Cielo rojo al anochecer". Stopped at "2143000" ms
[2024-07-20 19:37:48.012 +00:00] [INF] [42] Emby.Server.Implementations.Session.SessionManager: Playback stopped reported by app "Jellyfin Roku" "2.1.0" playing "Cielo rojo al anochecer". Stopped at "2581000" ms
[2024-07-20 19:49:47.477 +00:00] [INF] [26] Emby.Server.Implementations.HttpServer.WebSocketManager: WS "192.168.65.1" request
[2024-07-20 19:50:13.496 +00:00] [INF] [40] Emby.Server.Implementations.HttpServer.WebSocketManager: WS "192.168.65.1" closed
[2024-07-20 22:04:22.281 +00:00] [INF] [47] Emby.Server.Implementations.Session.SessionManager: Sending shutdown notifications
[2024-07-20 22:04:25.745 +00:00] [ERR] [19] Emby.Server.Implementations.HttpServer.WebSocketManager: WS "192.168.65.1" WebSocketRequestHandler error
System.Net.WebSockets.WebSocketException (0x80004005): The WebSocket is in an invalid state ('Closed') for this operation. Valid states are: 'Open, CloseReceived'
   at System.Net.WebSockets.ManagedWebSocket.SendAsync(ReadOnlyMemory`1 buffer, WebSocketMessageType messageType, WebSocketMessageFlags messageFlags, CancellationToken cancellationToken)
--- End of stack trace from previous location ---
   at Emby.Server.Implementations.HttpServer.WebSocketConnection.ProcessInternal(PipeReader reader)
   at Emby.Server.Implementations.HttpServer.WebSocketConnection.ReceiveAsync(CancellationToken cancellationToken)
   at Emby.Server.Implementations.HttpServer.WebSocketManager.WebSocketRequestHandler(HttpContext context)
   at Emby.Server.Implementations.HttpServer.WebSocketManager.WebSocketRequestHandler(HttpContext context)
[2024-07-20 22:04:25.750 +00:00] [INF] [19] Jellyfin.Networking.PortForwardingHost: Stopping NAT discovery
[2024-07-20 22:04:25.760 +00:00] [INF] [91] Jellyfin.Plugin.Dlna.Main.DlnaHost: Disposing SsdpDevicePublisher
[2024-07-20 22:04:25.880 +00:00] [INF] [91] Jellyfin.Plugin.Dlna.Main.DlnaHost: Disposing PlayToManager
[2024-07-20 22:04:25.889 +00:00] [INF] [91] Main: Running query planner optimizations in the database... This might take a while
[2024-07-20 22:04:25.925 +00:00] [INF] [23] Rssdp.Infrastructure.SsdpCommunicationsServer: "SsdpCommunicationsServer" disposing _BroadcastListenSocket
[2024-07-20 22:04:25.927 +00:00] [INF] [23] Rssdp.Infrastructure.SsdpCommunicationsServer: "SsdpCommunicationsServer" Disposing 1 sendSockets
[2024-07-20 22:04:25.927 +00:00] [INF] [23] Rssdp.Infrastructure.SsdpCommunicationsServer: "SsdpCommunicationsServer" disposing sendSocket from "172.19.0.2"
[2024-07-20 22:04:25.934 +00:00] [INF] [23] Emby.Server.Implementations.IO.LibraryMonitor: Stopping directory watching for path "/data/tvshows"
[2024-07-20 22:04:25.935 +00:00] [INF] [23] Emby.Server.Implementations.IO.LibraryMonitor: Stopping directory watching for path "/data/movies"
[2024-07-20 22:04:25.963 +00:00] [INF] [91] Emby.Server.Implementations.ApplicationHost: Disposing "CoreAppHost"
[2024-07-20 22:04:25.963 +00:00] [INF] [91] Emby.Server.Implementations.ApplicationHost: Disposing "MusicBrainzArtistProvider"
[2024-07-20 22:04:25.963 +00:00] [INF] [91] Emby.Server.Implementations.ApplicationHost: Disposing "MusicBrainzAlbumProvider"
[2024-07-20 22:04:25.964 +00:00] [INF] [91] Emby.Server.Implementations.ApplicationHost: Disposing "PluginManager"
